07snLOxf2k0rRrT3.jpg  -  Object Name : Ксерокопия номер 086
0BU2eQPmDAW4Omwb.jpg  -  Object Name : Ксерокопия номер 895
0BuDTfASrdjzMwy4.jpg  -  Object Name : Ксерокопия номер 951
0ETuC1RAY3gHQ3LA.jpg  -  Object Name : Ксерокопия номер 780
0glWb6XLnXPCTL3E.jpg  -  Object Name : Ксерокопия номер 303
0JEDZHrcbivwjMhN.jpg  -  Object Name : Ксерокопия номер 368
0k8JlHNTeMwxz74A.jpg  -  Object Name : Ксерокопия номер 755
0kdLwFBm07hldMlj.jpg  -  Object Name : Ксерокопия номер 891
0otLAE0eEvxpnMC0.jpg  -  Object Name : Ксерокопия номер 480
0PhR8wUW6vQrYqG0.jpg  -  Object Name : Ксерокопия номер 196
0q9xYqIraSRsSBP4.jpg  -  Object Name : Ксерокопия номер 095
0qgKgc4afpuWrviJ.jpg  -  Object Name : Ксерокопия номер 778
0qqkEqZHRa9vn3E6.jpg  -  Object Name : Ксерокопия номер 961
0qRHmZvFsU1AYfDV.jpg  -  Object Name : Ксерокопия номер 430
0RsXeq0tyyQsAOzF.jpg  -  Object Name : Ксерокопия номер 645
0UgTfLnlFAgnjrZf.jpg  -  Object Name : Ксерокопия номер 015
0wOoewCtDNuaZY7k.jpg  -  Object Name : Ксерокопия номер 314
0XhLRa2YagcMOZVu.jpg  -  Object Name : Ксерокопия номер 217
0zpspCo5Zcu8RVSj.jpg  -  Object Name : Ксерокопия номер 906
12Zcu2LuBKze6Iey.jpg  -  Object Name : Ксерокопия номер 426
14dBGAiX7zx4Wy8P.jpg  -  Object Name : Ксерокопия номер 111
16v7i6NfXXvm9CJb.jpg  -  Object Name : Ксерокопия номер 214
1bBoi0uu0fU2vcIM.jpg  -  Object Name : Ксерокопия номер 075
1DMYHP5gynCO2pcW.jpg  -  Object Name : Ксерокопия номер 809
1GBvGo0UtBEkjW0G.jpg  -  Object Name : Ксерокопия номер 817
1pf5p3Cpni885jhj.jpg  -  Object Name : Ксерокопия номер 764
1pygFcolhpqJO8Di.jpg  -  Object Name : Ксерокопия номер 352
1rPeNpP6nc5SRHmH.jpg  -  Object Name : Ксерокопия номер 262
1SB4PkYMlCI8sONv.jpg  -  Object Name : Ксерокопия номер 771
1tN9DPcg8lTscmHr.jpg  -  Object Name : Ксерокопия номер 124
1uKZeJfDg5wcJgij.jpg  -  Object Name : Ксерокопия номер 682
1VwijITXYqSJNsxD.jpg  -  Object Name : Ксерокопия номер 472
1Y8aTSPZvBhYSP7r.jpg  -  Object Name : Ксерокопия номер 801
1yGbXD0RklI5IFk2.jpg  -  Object Name : Ксерокопия номер 554
2288uviVXuFSngz9.jpg  -  Object Name : Ксерокопия номер 247
24MQCQEMUlmSnOsc.jpg  -  Object Name : Ксерокопия номер 549
25I0wF4bNuzPrCaX.jpg  -  Object Name : Ксерокопия номер 510
26nGtrBpOyUKK2oe.jpg  -  Object Name : Ксерокопия номер 678
2ax7t7P533s5vdwm.jpg  -  Object Name : Ксерокопия номер 703
2BQeTLUJujjpn5uH.jpg  -  Object Name : Ксерокопия номер 092
2CF63vjTWuZhpw65.jpg  -  Object Name : Ксерокопия номер 080
2FW2I6NY2cRdHMFL.jpg  -  Object Name : Ксерокопия номер 010
2GBo7zr0KUlRgMeG.jpg  -  Object Name : Ксерокопия номер 623
2GYFnhXQoKG4goL4.jpg  -  Object Name : Ксерокопия номер 007
2JynMMuiAmcBus5f.jpg  -  Object Name : Ксерокопия номер 429
2la2OCfUZNRieD1r.jpg  -  Object Name : Ксерокопия номер 403
2M7j0Dw8f9qEfmVN.jpg  -  Object Name : Ксерокопия номер 653
2PdNhgmkAlApAaQe.jpg  -  Object Name : Ксерокопия номер 346
2RmjJWibJXU4IARq.jpg  -  Object Name : Ксерокопия номер 589
2RmTI6caNS4XJByF.jpg  -  Object Name : Ксерокопия номер 991
2rq2xIuwe5qo4DCi.jpg  -  Object Name : Ксерокопия номер 149
2t3tZ0hvbwOb4iuV.jpg  -  Object Name : Ксерокопия номер 848
2ZMBakv9R3yFO2l5.jpg  -  Object Name : Ксерокопия номер 222
31uQB4NZcYF4TWku.jpg  -  Object Name : Ксерокопия номер 888
3AMTBFnwIoZBw9NC.jpg  -  Object Name : Ксерокопия номер 094
3FH4Z1IqQBy9r5lm.jpg  -  Object Name : Ксерокопия номер 485
3hxzaLh2G0nJs4TU.jpg  -  Object Name : Ксерокопия номер 329
3hzbRy4d00e0uOhn.jpg  -  Object Name : Ксерокопия номер 948
3KjaUafgQPs3MxWh.jpg  -  Object Name : Ксерокопия номер 728
3O74l1l6q9n33Mew.jpg  -  Object Name : Ксерокопия номер 905
3Ov1x8rGfGUBUALb.jpg  -  Object Name : Ксерокопия номер 621
3Qhz7447cBBjbAPO.jpg  -  Object Name : Ксерокопия номер 596
3QTH8qhiV000OUe7.jpg  -  Object Name : Ксерокопия номер 690
3w9I0WH9klVYncKX.jpg  -  Object Name : Ксерокопия номер 206
3wPQ1PfZWPhkKP1Z.jpg  -  Object Name : Ксерокопия номер 608
3xZlMrCqxIJLs2bv.jpg  -  Object Name : Ксерокопия номер 498
3zGPVcIXHxm5ZTrb.jpg  -  Object Name : Ксерокопия номер 351
3zKuepzKmwmH8MGp.jpg  -  Object Name : Ксерокопия номер 372
41nOSZkKZVgO6LR8.jpg  -  Object Name : Ксерокопия номер 171
440qNAJc7HOyU1CA.jpg  -  Object Name : Ксерокопия номер 373
4AXSoVPRbQsCEhS6.jpg  -  Object Name : Ксерокопия номер 606
4bmxukZuYZ8DWtKx.jpg  -  Object Name : Ксерокопия номер 174
4HvRXLQIgu4TYE41.jpg  -  Object Name : Ксерокопия номер 112
4JQtXr4iYWKAHyPc.jpg  -  Object Name : Ксерокопия номер 716
4jyn83jObGVlNuZh.jpg  -  Object Name : Ксерокопия номер 101
4kGHmTqC07EAG682.jpg  -  Object Name : Ксерокопия номер 743
4Kv00vEFxd6XaEvq.jpg  -  Object Name : Ксерокопия номер 177
4LYa7gpgMdFMdRQ4.jpg  -  Object Name : Ксерокопия номер 824
4MUmroVs1ndvkTKL.jpg  -  Object Name : Ксерокопия номер 167
4SgTDVTXnK1G6YXx.jpg  -  Object Name : Ксерокопия номер 105
4sQCEnpuIvFSkKtR.jpg  -  Object Name : Ксерокопия номер 456
4T4ARP9HNdkTL0W0.jpg  -  Object Name : Ксерокопия номер 929
4tuUkV2C0e588OzL.jpg  -  Object Name : Ксерокопия номер 233
4ZyXvyqVBWq4QEkp.jpg  -  Object Name : Ксерокопия номер 654
502BtMb7PflblgRO.jpg  -  Object Name : Ксерокопия номер 284
59kkYGMFtGgn7FTK.jpg  -  Object Name : Ксерокопия номер 342
5cj96TyjaxFkRiCr.jpg  -  Object Name : Ксерокопия номер 492
5ekYTznMOe8Riuav.jpg  -  Object Name : Ксерокопия номер 301
5hsMiYZ8iTFleVHS.jpg  -  Object Name : Ксерокопия номер 054
5IxEKZVdp0RPiGjX.jpg  -  Object Name : Ксерокопия номер 709
5kaZnR44Q3MBsLV4.jpg  -  Object Name : Ксерокопия номер 936
5pqA0wKdSrnyrnGH.jpg  -  Object Name : Ксерокопия номер 511
62NT38i0XQQYouhe.jpg  -  Object Name : Ксерокопия номер 438
64oOOqeYZYcHZE4V.jpg  -  Object Name : Ксерокопия номер 464
65ILgb4mV96g1bjf.jpg  -  Object Name : Ксерокопия номер 447
66RbtPJ83Bmq9AXE.jpg  -  Object Name : Ксерокопия номер 725
68eW0xfW47TzuXV9.jpg  -  Object Name : Ксерокопия номер 357
6C73Ncu2XkyxoplJ.jpg  -  Object Name : Ксерокопия номер 348
6eR877Y9tPwKhA71.jpg  -  Object Name : Ксерокопия номер 120
6ezjc7Ol0YSV3Bu4.jpg  -  Object Name : Ксерокопия номер 784
6K4CNKPJ79CI0XDY.jpg  -  Object Name : Ксерокопия номер 459
6mNvZHmYmeMBFF4H.jpg  -  Object Name : Ксерокопия номер 129
6mwXiyYhlbhdNPGm.jpg  -  Object Name : Ксерокопия номер 705
6OXO2eTTYH6JoW46.jpg  -  Object Name : Ксерокопия номер 138
6PnIpf99N7IvPspE.jpg  -  Object Name : Ксерокопия номер 954
6rtJdrDMCtts1j3h.jpg  -  Object Name : Ксерокопия номер 184
6taWqnCYzwFcGNgj.jpg  -  Object Name : Ксерокопия номер 385
6tBPcmyumGpjg0vk.jpg  -  Object Name : Ксерокопия номер 794
6tteWRODpe8BjPPR.jpg  -  Object Name : Ксерокопия номер 894
6VGh1axKjXI6gTjW.jpg  -  Object Name : Ксерокопия номер 093
6wGeE4M4PtLrZtpv.jpg  -  Object Name : Ксерокопия номер 942
6wNSqc1rGTsL8aUo.jpg  -  Object Name : Ксерокопия номер 775
6XSmSileF6tIDCPo.jpg  -  Object Name : Ксерокопия номер 924
6ZVPEOaw6sd19yEH.jpg  -  Object Name : Ксерокопия номер 439
715nvLCT6BHUnsug.jpg  -  Object Name : Ксерокопия номер 812
72QcPt7BuQGCjldx.jpg  -  Object Name : Ксерокопия номер 916
73XsBfBqT6p0oIR7.jpg  -  Object Name : Ксерокопия номер 293
79v4B87Tt7wuREUw.jpg  -  Object Name : Ксерокопия номер 140
7cXAVvQBB4NgTFvp.jpg  -  Object Name : Ксерокопия номер 276
7FqNLpZ1BquuCYWA.jpg  -  Object Name : Ксерокопия номер 041
7FrDP0Ypff3WKbXY.jpg  -  Object Name : Ксерокопия номер 376
7GlgROxmUyCUnodt.jpg  -  Object Name : Ксерокопия номер 364
7lmEAguHU5DUY2yX.jpg  -  Object Name : Ксерокопия номер 713
7Ltr9pLyieyHED1l.jpg  -  Object Name : Ксерокопия номер 173
7mj8sk9AlVtOuHr4.jpg  -  Object Name : Ксерокопия номер 191
7o9Mi7QwLr4pLqY2.jpg  -  Object Name : Ксерокопия номер 892
7PxvKDxyEBFXhX0T.jpg  -  Object Name : Ксерокопия номер 109
7u29PuvCT1z79NtP.jpg  -  Object Name : Ксерокопия номер 777
7Uxvoa3xqqS20R4w.jpg  -  Object Name : Ксерокопия номер 732
7VDHY6IQZJyS0pD2.jpg  -  Object Name : Ксерокопия номер 840
7x0o88I0Mw5tc9In.jpg  -  Object Name : Ксерокопия номер 910
7XcqC5QogHlDfClB.jpg  -  Object Name : Ксерокопия номер 833
7xD3uWWMV051EBHB.jpg  -  Object Name : Ксерокопия номер 689
7yrzjTWOIYKhcE79.jpg  -  Object Name : Ксерокопия номер 966
7ywxzi5SrWDOQTNR.jpg  -  Object Name : Ксерокопия номер 859
7zFa8K2W50sR2rbS.jpg  -  Object Name : Ксерокопия номер 163
7ZK2QDYLc9lbz6jO.jpg  -  Object Name : Ксерокопия номер 020
85CAegdepGFIoimT.jpg  -  Object Name : Ксерокопия номер 122
87I4s3LVceO6rWBt.jpg  -  Object Name : Ксерокопия номер 374
88kvRkt7N9V74kuE.jpg  -  Object Name : Ксерокопия номер 684
8BhA9Wn71obfV5RN.jpg  -  Object Name : Ксерокопия номер 854
8hMPxnDFueQa0Tx6.jpg  -  Object Name : Ксерокопия номер 268
8N9p3Vz3iDpi7JbE.jpg  -  Object Name : Ксерокопия номер 365
8nkgDTql5mVuzSXU.jpg  -  Object Name : Ксерокопия номер 486
8nKUqcAADNPQnQ8U.jpg  -  Object Name : Ксерокопия номер 562
8qg3DIO3h5ABWLVO.jpg  -  Object Name : Ксерокопия номер 721
8xNBn2sWyFcjGfb4.jpg  -  Object Name : Ксерокопия номер 850
8YrkhdIcL0DgGjhd.jpg  -  Object Name : Ксерокопия номер 227
972zKoh2fvpGwrtg.jpg  -  Object Name : Ксерокопия номер 332
977kIjxb9pqZdWdY.jpg  -  Object Name : Ксерокопия номер 018
9AxwTqZ92mPxx8Ba.jpg  -  Object Name : Ксерокопия номер 236
9Cl4BuRsGczetOBE.jpg  -  Object Name : Ксерокопия номер 295
9DB4ObUcZDecR495.jpg  -  Object Name : Ксерокопия номер 641
9G2zdC5hZkiVYlK1.jpg  -  Object Name : Ксерокопия номер 935
9iXAITwEumFErJDH.jpg  -  Object Name : Ксерокопия номер 044
9JP8McTlHNZJb1pr.jpg  -  Object Name : Ксерокопия номер 391
9nGbWIQKcJGSc7Zs.jpg  -  Object Name : Ксерокопия номер 036
9PzBpYqELZdPoFrp.jpg  -  Object Name : Ксерокопия номер 451
9t5TiAHiZEsjKPtp.jpg  -  Object Name : Ксерокопия номер 466
9vQu0pO87mcTBbSP.jpg  -  Object Name : Ксерокопия номер 025
9ZDe2thlpsGG24Da.jpg  -  Object Name : Ксерокопия номер 479
9ziRGDelq9bqjcFc.jpg  -  Object Name : Ксерокопия номер 627
A1CxbJFP4V9ASQ9Z.jpg  -  Object Name : Ксерокопия номер 958
a2lGu9cpu1BwenzC.jpg  -  Object Name : Ксерокопия номер 915
A3gNZljHEctZNgCN.jpg  -  Object Name : Ксерокопия номер 617
a3lnBDgv4BhZNfTa.jpg  -  Object Name : Ксерокопия номер 839
A4x045dAICLuLsNn.jpg  -  Object Name : Ксерокопия номер 856
A5JsFfJPXjagvfN7.jpg  -  Object Name : Ксерокопия номер 715
a5R77pS8wztXKWjK.jpg  -  Object Name : Ксерокопия номер 413
A6qOqcsJAVfCMohi.jpg  -  Object Name : Ксерокопия номер 404
Ab9t2MDhgeCdtIWM.jpg  -  Object Name : Ксерокопия номер 605
ABDOzIFq6epnCnhx.jpg  -  Object Name : Ксерокопия номер 135
aBHn54lpn0JuymBI.jpg  -  Object Name : Ксерокопия номер 779
AbmIxXZ4ReLk7UYM.jpg  -  Object Name : Ксерокопия номер 281
ABNclrsAR0By1bUx.jpg  -  Object Name : Ксерокопия номер 692
ac9q61SRl4vlF0td.jpg  -  Object Name : Ксерокопия номер 162
ACkQxawB1kDEsROx.jpg  -  Object Name : Ксерокопия номер 449
ACnLZMkucOw9a19W.jpg  -  Object Name : Ксерокопия номер 186
acTcIrIS0QhLXRoS.jpg  -  Object Name : Ксерокопия номер 657
aFvbx1zGYkTznIdG.jpg  -  Object Name : Ксерокопия номер 556
AFyli2zOwbGLoFFa.jpg  -  Object Name : Ксерокопия номер 125
agklsp53g3D9IhA2.jpg  -  Object Name : Ксерокопия номер 067
aHG8tRGYKyT8x6qj.jpg  -  Object Name : Ксерокопия номер 853
AJ4uzg3tVlTIYaAS.jpg  -  Object Name : Ксерокопия номер 842
aJAAnS3Mzc1wg0X4.jpg  -  Object Name : Ксерокопия номер 245
AmkY2o0DELbNrVnN.jpg  -  Object Name : Ксерокопия номер 088
aNH1QUoQBbfyrPVi.jpg  -  Object Name : Ксерокопия номер 152
anN8HN4cpRecTecS.jpg  -  Object Name : Ксерокопия номер 204
aO56msnY1PsQC4jt.jpg  -  Object Name : Ксерокопия номер 006
aPbA75AwiplqmnHW.jpg  -  Object Name : Ксерокопия номер 131
aQ7AcdWrpRKopeBu.jpg  -  Object Name : Ксерокопия номер 288
ArnnDEXRGb3C3YKp.jpg  -  Object Name : Ксерокопия номер 644
atvF2wf1tfB2IkuV.jpg  - 
AW4rBJdiR1x5J4lJ.jpg  -  Object Name : Ксерокопия номер 702
ax1FkgglDZt7NTX1.jpg  -  Object Name : Ксерокопия номер 317
AxrQRnffoD9iXVCu.jpg  -  Object Name : Ксерокопия номер 203
aXV3lyxVKeRGFx4D.jpg  -  Object Name : Ксерокопия номер 563
B4uPTlVwqZZMLTni.jpg  -  Object Name : Ксерокопия номер 659
B5SBpGmko0JHUGqO.jpg  -  Object Name : Ксерокопия номер 502
B7ff2Wu0yqd65idv.jpg  -  Object Name : Ксерокопия номер 818
bDQYo0Zo1P74o17J.jpg  -  Object Name : Ксерокопия номер 388
BGFL8vGy5Vi1t4iD.jpg  -  Object Name : Ксерокопия номер 544
bImBVtT2dZB8rpA7.jpg  -  Object Name : Ксерокопия номер 355
bJj7ZBjsGOCZijOh.jpg  -  Object Name : Ксерокопия номер 937
bJLSdtuItf4kY3Mr.jpg  -  Object Name : Ксерокопия номер 604
bJNzz9CvKkUs2OHI.jpg  -  Object Name : Ксерокопия номер 687
bjre8jThTDBelGFP.jpg  -  Object Name : Ксерокопия номер 378
BL5cunf3TJYbf434.jpg  -  Object Name : Ксерокопия номер 729
bL6coKz5ioHCvI7R.jpg  -  Object Name : Ксерокопия номер 949
BmyeNHAcEQUe9D1O.jpg  -  Object Name : Ксерокопия номер 531
bpGfLS9ibje2enwF.jpg  -  Object Name : Ксерокопия номер 380
BPkxZh1FZxrMd89V.jpg  -  Object Name : Ксерокопия номер 663
Bqc7hDXjDB6O6CPq.jpg  -  Object Name : Ксерокопия номер 200
BqjtwCGdt7qlzat1.jpg  -  Object Name : Ксерокопия номер 470
BqLRA6LwCS16Z8lV.jpg  -  Object Name : Ксерокопия номер 677
BY1Kz9msmYZI5R2L.jpg  -  Object Name : Ксерокопия номер 928
BZaiHeJhFFsaIU7W.jpg  -  Object Name : Ксерокопия номер 228
bZMhWdAN0HHfbiZY.jpg  -  Object Name : Ксерокопия номер 254
C0yBzIWNMWG8uvHj.jpg  -  Object Name : Ксерокопия номер 740
C1x8ZmomSk3d61so.jpg  -  Object Name : Ксерокопия номер 514
C5dJpb7886CmA75f.jpg  -  Object Name : Ксерокопия номер 940
C5xQMX4YBja1Uhqw.jpg  -  Object Name : Ксерокопия номер 362
c9OwYZNSuMQCJW6B.jpg  -  Object Name : Ксерокопия номер 176
Cb4prM1UASpoFNvK.jpg  -  Object Name : Ксерокопия номер 467
cbkqX8WquizLIwSC.jpg  -  Object Name : Ксерокопия номер 543
cCzMKoLZ55h1sZnd.jpg  -  Object Name : Ксерокопия номер 313
Ce5mpP93LdjWXKeC.jpg  -  Object Name : Ксерокопия номер 529
CeOUs7IN33jHgh6Z.jpg  -  Object Name : Ксерокопия номер 179
CfNKteiWUneZK98r.jpg  -  Object Name : Ксерокопия номер 473
CfuDc7MppEMECU0I.jpg  -  Object Name : Ксерокопия номер 118
CGaa4SrTzITmCcaV.jpg  -  Object Name : Ксерокопия номер 038
Ch9IXn8eG6eIfQ1Y.jpg  -  Object Name : Ксерокопия номер 697
CIla2KNw9awL8YND.jpg  -  Object Name : Ксерокопия номер 402
cipqBxpHyMnU6gCF.jpg  -  Object Name : Ксерокопия номер 814
CktjpivJ599vNqYM.jpg  -  Object Name : Ксерокопия номер 871
CL17SPlEabJTcGKi.jpg  -  Object Name : Ксерокопия номер 522
cMb7gFERdqsk0nhA.jpg  -  Object Name : Ксерокопия номер 863
CmhUB8h8HSXqSE8I.jpg  -  Object Name : Ксерокопия номер 765
CnSJQOvIDG7CDf92.jpg  -  Object Name : Ксерокопия номер 857
CoAkxu0ebQh4vq5x.jpg  -  Object Name : Ксерокопия номер 396
CPyOtdyZiViDP2J0.jpg  -  Object Name : Ксерокопия номер 508
cr16qoJIxPrK5IIy.jpg  -  Object Name : Ксерокопия номер 571
cSPEhjk2Fi0HivVD.jpg  -  Object Name : Ксерокопия номер 274
CTy0ORkkeNhgl8Op.jpg  -  Object Name : Ксерокопия номер 813
cUCPzbhBCwppOxh0.jpg  -  Object Name : Ксерокопия номер 610
CUmXnVWXdB7fhHBU.jpg  -  Object Name : Ксерокопия номер 887
cuU9ydUpgkRQXaQT.jpg  -  Object Name : Ксерокопия номер 670
Cv2PuDssMwcsW6pm.jpg  -  Object Name : Ксерокопия номер 600
cvnsKsoejsgZZ8iC.jpg  -  Object Name : Ксерокопия номер 205
cVpJj8ZjX6PibALn.jpg  -  Object Name : Ксерокопия номер 521
Cx3qCX9PdfZNjUpF.jpg  -  Object Name : Ксерокопия номер 862
czoI9zOcNTeQl4Fg.jpg  -  Object Name : Ксерокопия номер 126
D18Mr54u7DBeN0Ph.jpg  -  Object Name : Ксерокопия номер 962
d1hzWuDTgk1Mj58Y.jpg  -  Object Name : Ксерокопия номер 161
d3SfU8ERub4eREhQ.jpg  -  Object Name : Ксерокопия номер 367
D6u2sTp3w4IPz3xz.jpg  -  Object Name : Ксерокопия номер 861
D8VLXZI8hXEPDJgd.jpg  -  Object Name : Ксерокопия номер 392
dCzTtuq4F3y8YYNC.jpg  -  Object Name : Ксерокопия номер 572
DdDnU3PfBr2hATjl.jpg  -  Object Name : Ксерокопия номер 827
dGGAeqxeR81wjEwr.jpg  -  Object Name : Ксерокопия номер 265
Djio3Q2rohp1gpwj.jpg  -  Object Name : Ксерокопия номер 344
dkPNozM0zYfdySRo.jpg  -  Object Name : Ксерокопия номер 070
dl9KVTBXVwLRy8tm.jpg  -  Object Name : Ксерокопия номер 896
dllflpjC68kJ9hDj.jpg  -  Object Name : Ксерокопия номер 181
DMc9EcVbXkN59yYs.jpg  -  Object Name : Ксерокопия номер 649
dmTkazxSOhYRO763.jpg  -  Object Name : Ксерокопия номер 845
dN0DRggMN5XXjXhS.jpg  -  Object Name : Ксерокопия номер 009
DpdRPX9RZnjNGwY7.jpg  -  Object Name : Ксерокопия номер 711
dPE7Faf2lMXIVBTp.jpg  -  Object Name : Ксерокопия номер 885
DUNMFkadcK2U9VHk.jpg  -  Object Name : Ксерокопия номер 615
DV8rpL2d1ecftk8q.jpg  -  Object Name : Ксерокопия номер 198
Dve4Pcezx9FP37BV.jpg  -  Object Name : Ксерокопия номер 693
dY5Tqe9emvqKo9r7.jpg  -  Object Name : Ксерокопия номер 389
dYyuksln2XjrIVmh.jpg  -  Object Name : Ксерокопия номер 182
DZCRxGQsi7nOV3fF.jpg  -  Object Name : Ксерокопия номер 541
dztNzYvclqfwJkV0.jpg  -  Object Name : Ксерокопия номер 551
dzyowOzoUZ6N7Uly.jpg  -  Object Name : Ксерокопия номер 099
E18gVLce3hULWIEl.jpg  -  Object Name : Ксерокопия номер 828
e2FsHJMCLocvwOx1.jpg  -  Object Name : Ксерокопия номер 965
e2GcGKmii9NzkM8k.jpg  -  Object Name : Ксерокопия номер 258
E7KdRfpsw1kiG4Lo.jpg  -  Object Name : Ксерокопия номер 672
e9rtxsysefUNCLN7.jpg  -  Object Name : Ксерокопия номер 553
EaajvJpZkyl5BLL3.jpg  -  Object Name : Ксерокопия номер 096
eaR9InGPdxoVfHq5.jpg  -  Object Name : Ксерокопия номер 328
edNPH9dy5RkYwWk2.jpg  -  Object Name : Ксерокопия номер 646
EFbbWh1RvsWsHOSH.jpg  -  Object Name : Ксерокопия номер 632
eifpz0TLklwujxOD.jpg  -  Object Name : Ксерокопия номер 136
ElevIDGzHGizNqM4.jpg  -  Object Name : Ксерокопия номер 985
eLSpIQKpHDcQlHI7.jpg  -  Object Name : Ксерокопия номер 528
eMNxXwRbzZRZFGV0.jpg  -  Object Name : Ксерокопия номер 278
EOGTVtR0H8WG0AbS.jpg  -  Object Name : Ксерокопия номер 183
eoZNnGqMro9E2rsO.jpg  -  Object Name : Ксерокопия номер 872
eP7kkEl6yKERfgS7.jpg  -  Object Name : Ксерокопия номер 250
EqKNr286ni4g85oI.jpg  -  Object Name : Ксерокопия номер 019
eRzWST3UquqA5Y6a.jpg  -  Object Name : Ксерокопия номер 668
EtjKMy8X3eMWMpfD.jpg  -  Object Name : Ксерокопия номер 304
eTSn8whI8CStnqtw.jpg  -  Object Name : Ксерокопия номер 583
eu2TbjwiUcrbAUdu.jpg  -  Object Name : Ксерокопия номер 024
Ev2ljWMuiNqttImg.jpg  -  Object Name : Ксерокопия номер 248
ev8BG1kDRy2pdEZ6.jpg  -  Object Name : Ксерокопия номер 089
EWl4REwpuQxmui5B.jpg  -  Object Name : Ксерокопия номер 843
EX4Lw2ezj2s0kyIV.jpg  -  Object Name : Ксерокопия номер 501
ExvlZaS2D0LOZQ8o.jpg  -  Object Name : Ксерокопия номер 573
eYQ2ftnL0MsEQpRL.jpg  -  Object Name : Ксерокопия номер 505
EzjXr7LeUA0O5RTw.jpg  -  Object Name : Ксерокопия номер 423
F2iJVoUmJqCXpOly.jpg  -  Object Name : Ксерокопия номер 073
F3Gqe1PlEEU253zl.jpg  -  Object Name : Ксерокопия номер 039
f5JpcnQqqT12gS9g.jpg  -  Object Name : Ксерокопия номер 014
fbBaHYfWLY3OoJgG.jpg  -  Object Name : Ксерокопия номер 633
fBWPOVl6W9AQ1fb2.jpg  -  Object Name : Ксерокопия номер 407
fIRt9MG5WkLTmF6z.jpg  -  Object Name : Ксерокопия номер 246
FkFaejLOTfMmuLR7.jpg  -  Object Name : Ксерокопия номер 081
FkjdDxQT0ubEmXRN.jpg  -  Object Name : Ксерокопия номер 394
FlD9ncHFkDy3WEPP.jpg  -  Object Name : Ксерокопия номер 761
FnhXRRAoO0DReehe.jpg  -  Object Name : Ксерокопия номер 781
fnOVL3cDLTAYX7AJ.jpg  -  Object Name : Ксерокопия номер 232
FNZrfNQZvWN4a0wb.jpg  -  Object Name : Ксерокопия номер 306
FO3FYZAA1PTeC1Ju.jpg  -  Object Name : Ксерокопия номер 408
FOYv0OeXMQcRK6yT.jpg  -  Object Name : Ксерокопия номер 787
fPqTvh4ZruqfU8zP.jpg  -  Object Name : Ксерокопия номер 532
FSQ3cIVFRphrmzwQ.jpg  -  Object Name : Ксерокопия номер 117
FszALkq2eCqhBv6T.jpg  -  Object Name : Ксерокопия номер 187
fuwDVhk9UTVVtw3R.jpg  -  Object Name : Ксерокопия номер 706
fvj4lNKVn136QYws.jpg  -  Object Name : Ксерокопия номер 202
FvKZ5dJ3oJ5z47XV.jpg  -  Object Name : Ксерокопия номер 785
FY4Z0neINVFwIYSz.jpg  -  Object Name : Ксерокопия номер 997
G056ZTVWQob1YMcL.jpg  -  Object Name : Ксерокопия номер 613
G1v5rm6iaSOdhJcE.jpg  -  Object Name : Ксерокопия номер 912
gAFR7vDyIix9IPWG.jpg  -  Object Name : Ксерокопия номер 393
gBapUD6h4HYTBY7m.jpg  -  Object Name : Ксерокопия номер 652
GbeyEXgiGm5nveft.jpg  -  Object Name : Ксерокопия номер 490
GbFlp9ST06VRjo9T.jpg  -  Object Name : Ксерокопия номер 723
gcb2S1b8bVmcE7bx.jpg  -  Object Name : Ксерокопия номер 579
GdipesV9u6nALgKe.jpg  -  Object Name : Ксерокопия номер 049
GdwdpONIGCqgJR7c.jpg  -  Object Name : Ксерокопия номер 802
Ggr0RXqcAWNRrg15.jpg  -  Object Name : Ксерокопия номер 307
GGTbzvXFH4sHG8FF.jpg  -  Object Name : Ксерокопия номер 626
GgwBqcwZrHcU8UIJ.jpg  -  Object Name : Ксерокопия номер 151
gh63jLiHKxK24MPd.jpg  -  Object Name : Ксерокопия номер 189
GIcLMJnnL5Brf9Jz.jpg  -  Object Name : Ксерокопия номер 918
GIz6UB2YTujo4b1z.jpg  -  Object Name : Ксерокопия номер 941
GJJNsIHZaPN9NQj0.jpg  -  Object Name : Ксерокопия номер 349
gkuvc9Eqn9g9TOG0.jpg  -  Object Name : Ксерокопия номер 308
GltXaqqvvrTBgW9t.jpg  -  Object Name : Ксерокопия номер 883
gmd3kXjVVs6Hm2Qt.jpg  -  Object Name : Ксерокопия номер 040
gnsbzLAF5fkWDEar.jpg  -  Object Name : Ксерокопия номер 437
gob2HoW65XRoaMxs.jpg  -  Object Name : Ксерокопия номер 575
GoRxlncHBN5UPwUn.jpg  -  Object Name : Ксерокопия номер 866
gPgWKCYNZV66kFKE.jpg  -  Object Name : Ксерокопия номер 989
GscKnPfrO9EhTGQz.jpg  -  Object Name : Ксерокопия номер 298
gtp98Pm40NFv9bbl.jpg  -  Object Name : Ксерокопия номер 825
GTPoVG7uwX16mQ5t.jpg  -  Object Name : Ксерокопия номер 800
GTPUgOysAn2Q7U01.jpg  -  Object Name : Ксерокопия номер 384
gTvGYAyTgmsvBEG5.jpg  -  Object Name : Ксерокопия номер 858
GULfvVeTk9NNM27N.jpg  -  Object Name : Ксерокопия номер 310
GUVATaD01zeYCLPq.jpg  -  Object Name : Ксерокопия номер 052
GV8vjKscBljtla6J.jpg  -  Object Name : Ксерокопия номер 072
gy5anMy5Pc4UmNgm.jpg  -  Object Name : Ксерокопия номер 076
gYb8wNWPVzLzXGOD.jpg  -  Object Name : Ксерокопия номер 897
gZ2c75DQKWnBW4JE.jpg  -  Object Name : Ксерокопия номер 026
gZJrsoM9YGQ4Sqtj.jpg  -  Object Name : Ксерокопия номер 675
h1edMBzU2AT9BP0e.jpg  -  Object Name : Ксерокопия номер 585
HA7gHE8QuoPpJ1Da.jpg  -  Object Name : Ксерокопия номер 851
hBwT4JN7IcmvH5rb.jpg  -  Object Name : Ксерокопия номер 542
hDBE0uK93V8IFlnj.jpg  -  Object Name : Ксерокопия номер 880
hdMII6Jt1AgcproT.jpg  -  Object Name : Ксерокопия номер 366
hdWoymbiM72Xhp1y.jpg  -  Object Name : Ксерокопия номер 960
HEf5idaaVbX2ixWn.jpg  -  Object Name : Ксерокопия номер 944
hGTWW8mb81Hm3U9J.jpg  -  Object Name : Ксерокопия номер 327
HHDLJPLh2oUJImQ8.jpg  -  Object Name : Ксерокопия номер 577
hhNQgnm2NcRL32HX.jpg  -  Object Name : Ксерокопия номер 981
HjBQKJSOhcieolm4.jpg  -  Object Name : Ксерокопия номер 395
hk0hHu8tI5DkDyiV.jpg  -  Object Name : Ксерокопия номер 155
HKjCtFdy5EL15cXH.jpg  -  Object Name : Ксерокопия номер 481
hlB31hrzrOU5RYQg.jpg  -  Object Name : Ксерокопия номер 707
HLIqYcwvszKfJ2mh.jpg  -  Object Name : Ксерокопия номер 844
hmrrHYgpxaW6V6XU.jpg  -  Object Name : Ксерокопия номер 634
hrlEyNrq4Ug7GPIL.jpg  -  Object Name : Ксерокопия номер 930
HsWeTzw1mpRMT4eB.jpg  -  Object Name : Ксерокопия номер 559
hTbzqp4gWQwUG4P2.jpg  -  Object Name : Ксерокопия номер 710
HTVewe4OI0SzXp2A.jpg  -  Object Name : Ксерокопия номер 219
HUbcX2xBD554CvKk.jpg  -  Object Name : Ксерокопия номер 523
huJuc4TfjQ0JYB3z.jpg  -  Object Name : Ксерокопия номер 334
hw8mNBDHDiBYJPEo.jpg  -  Object Name : Ксерокопия номер 104
hWOMdVge9B1ofC4V.jpg  -  Object Name : Ксерокопия номер 881
HyGC5rgoqtjgbfHy.jpg  -  Object Name : Ксерокопия номер 889
hz9uWEZOzFOaR4g9.jpg  -  Object Name : Ксерокопия номер 964
hzSt9TE9QfWDxNFt.jpg  -  Object Name : Ксерокопия номер 788
i0gm6dCpSwc0DQtw.jpg  -  Object Name : Ксерокопия номер 890
i1omxk7JK0gCgEJZ.jpg  -  Object Name : Ксерокопия номер 240
I2lLhkjlI76LZLqQ.jpg  -  Object Name : Ксерокопия номер 967
I5KlyY5EI7AfroUQ.jpg  -  Object Name : Ксерокопия номер 071
I6qwizw0VOR1FABB.jpg  -  Object Name : Ксерокопия номер 359
I72goYlMYfZEWjAT.jpg  -  Object Name : Ксерокопия номер 330
I92eEE7bmEkjvv9G.jpg  -  Object Name : Ксерокопия номер 483
i9dGqTklmV0a9MNx.jpg  -  Object Name : Ксерокопия номер 597
Iaate6en5ASDuzjr.jpg  -  Object Name : Ксерокопия номер 879
iaOQ28s63tradDqG.jpg  -  Object Name : Ксерокопия номер 984
iB6R9USOwgzRzOM9.jpg  -  Object Name : Ксерокопия номер 798
IbBQnbTnf8YjPYE3.jpg  -  Object Name : Ксерокопия номер 643
ibFheto7xTou4Jyq.jpg  -  Object Name : Ксерокопия номер 213
IBr2ZEiH6WqUEQJN.jpg  -  Object Name : Ксерокопия номер 218
Id0F9Wfvf2B0Xml4.jpg  -  Object Name : Ксерокопия номер 718
IdVTGLnHe7p7Vwxp.jpg  -  Object Name : Ксерокопия номер 757
IejG0j9PkDWiOxvv.jpg  -  Object Name : Ксерокопия номер 048
ifpYyi5f7zBWSxBs.jpg  -  Object Name : Ксерокопия номер 030
IH0zcJnXKbx1Aniq.jpg  -  Object Name : Ксерокопия номер 031
iHyHvERxhNL9Tq3n.jpg  -  Object Name : Ксерокопия номер 302
IIbwfuANsFSU6RQE.jpg  -  Object Name : Ксерокопия номер 027
IieGxRA4KFaPR4pC.jpg  -  Object Name : Ксерокопия номер 666
IimfhGDa81KqjQsr.jpg  -  Object Name : Ксерокопия номер 518
IJ1ZNZHnF6bMc55V.jpg  -  Object Name : Ксерокопия номер 592
ijCHN1G58HvOnsz4.jpg  -  Object Name : Ксерокопия номер 973
ilsK1d8PhwqebAYV.jpg  -  Object Name : Ксерокопия номер 591
imIvv7cXajXhGRjR.jpg  -  Object Name : Ксерокопия номер 737
iMLwy4bN1TtEfHEO.jpg  -  Object Name : Ксерокопия номер 170
ImO5rSU5ewgp2udl.jpg  -  Object Name : Ксерокопия номер 638
INMw4R95DMWUV0py.jpg  -  Object Name : Ксерокопия номер 913
IO1CTUkJKBPB4qLc.jpg  -  Object Name : Ксерокопия номер 318
iOCyPqJRgc3L8HQn.jpg  -  Object Name : Ксерокопия номер 008
ipI0b4d7BWIBGmNJ.jpg  -  Object Name : Ксерокопия номер 336
Iq2yNZVs3N2pWI0l.jpg  -  Object Name : Ксерокопия номер 506
iqDlN0Yz5Wmatqww.jpg  -  Object Name : Ксерокопия номер 748
iqDO140pb3xNiBZU.jpg  -  Object Name : Ксерокопия номер 671
Ir9BnboW91Dyt6Ni.jpg  -  Object Name : Ксерокопия номер 512
Irr9yUER89MIdVc4.jpg  -  Object Name : Ксерокопия номер 424
IWBc5mEia8SYBvl6.jpg  -  Object Name : Ксерокопия номер 398
IWCJg4BJlojumldf.jpg  -  Object Name : Ксерокопия номер 193
IwImxYb5YXNzQbie.jpg  -  Object Name : Ксерокопия номер 550
IWvi1s8AzfbNWygz.jpg  -  Object Name : Ксерокопия номер 904
IXi0LKG7jZQ4dlNY.jpg  -  Object Name : Ксерокопия номер 724
izMmmDSeGLm7kodb.jpg  -  Object Name : Ксерокопия номер 153
j0XW3xPbzs71chwI.jpg  -  Object Name : Ксерокопия номер 507
J3qWE750LKNgmM7I.jpg  -  Object Name : Ксерокопия номер 860
j4fn187tjFQWEm5W.jpg  -  Object Name : Ксерокопия номер 023
j81aVj7mh0dYpnoA.jpg  -  Object Name : Ксерокопия номер 416
j81zhxMWojVuBf7o.jpg  -  Object Name : Ксерокопия номер 114
j9AC7hdY0AwRs4WX.jpg  -  Object Name : Ксерокопия номер 823
JBfnJZ6PSADbeOHj.jpg  -  Object Name : Ксерокопия номер 988
JBytC0uGHdOCl1zp.jpg  -  Object Name : Ксерокопия номер 696
jDcXB2LFU360uvMB.jpg  -  Object Name : Ксерокопия номер 287
jDqjwa7nOaeYbU9t.jpg  -  Object Name : Ксерокопия номер 576
jDs6PKn1M0NJ4Z7V.jpg  -  Object Name : Ксерокопия номер 746
Jduy7Mh4zKY4TjYO.jpg  -  Object Name : Ксерокопия номер 564
JGg0zxtffEom85Ne.jpg  -  Object Name : Ксерокопия номер 461
JHJTDCUDVoS6z0Qp.jpg  -  Object Name : Ксерокопия номер 452
jho3hYHyKFLL9oOj.jpg  -  Object Name : Ксерокопия номер 180
JhQd33WUTKVx7sZn.jpg  -  Object Name : Ксерокопия номер 580
jjP8YXeYMjDGu7tD.jpg  -  Object Name : Ксерокопия номер 415
jKMjMaSElGPPI4PQ.jpg  -  Object Name : Ксерокопия номер 855
JL80iMTYK4MfRLdg.jpg  -  Object Name : Ксерокопия номер 022
JltwQcM8lUL9JoUd.jpg  -  Object Name : Ксерокопия номер 494
jMtPvACWODwOo2EG.jpg  -  Object Name : Ксерокопия номер 515
JniHSCNmggkes4xx.jpg  -  Object Name : Ксерокопия номер 923
jOEdhf7I8Kkd9fyj.jpg  -  Object Name : Ксерокопия номер 178
JoeefZDKuBuX7tHT.jpg  -  Object Name : Ксерокопия номер 619
jpcKFVPy6xuBnPnT.jpg  -  Object Name : Ксерокопия номер 717
jQ6ixaDvXt3dNe8s.jpg  -  Object Name : Ксерокопия номер 776
jqqnif1orBMvlwJ4.jpg  -  Object Name : Ксерокопия номер 050
jsoACwpgtD1ioJV9.jpg  -  Object Name : Ксерокопия номер 063
jT5nuIBWbR8SiITR.jpg  -  Object Name : Ксерокопия номер 045
jtgFoF9Q1zv1NNCK.jpg  -  Object Name : Ксерокопия номер 160
JtgZpx06X8Cbfkni.jpg  -  Object Name : Ксерокопия номер 285
jvahwxC9PFjSZsaB.jpg  -  Object Name : Ксерокопия номер 831
jWLiCEoS0kRn5tX3.jpg  -  Object Name : Ксерокопия номер 059
JWTY36WnGN4mHioK.jpg  -  Object Name : Ксерокопия номер 873
JY0tRyjkhBE3xSG9.jpg  -  Object Name : Ксерокопия номер 972
jyOTJPjMxHlHHnB4.jpg  -  Object Name : Ксерокопия номер 100
JZ4yFkK9xTsQSxsn.jpg  -  Object Name : Ксерокопия номер 220
jzadp9gEiO1D3jmM.jpg  -  Object Name : Ксерокопия номер 242
k2M23Ih2GMFfoBbO.jpg  -  Object Name : Ксерокопия номер 421
k2tFBHHE8IhnXShI.jpg  -  Object Name : Ксерокопия номер 738
K3wpY13YjShHcaiX.jpg  -  Object Name : Ксерокопия номер 468
k4c6eMiBIlzyjtNG.jpg  -  Object Name : Ксерокопия номер 090
k4cADq7kNjw1yJKB.jpg  -  Object Name : Ксерокопия номер 185
K5gLHedYN3gMHMGR.jpg  -  Object Name : Ксерокопия номер 381
K6zCFJ86yl5hEKlX.jpg  -  Object Name : Ксерокопия номер 759
k7kvAQNdT2arW73x.jpg  -  Object Name : Ксерокопия номер 386
k8SxBReOEwOZVtLH.jpg  -  Object Name : Ксерокопия номер 446
kaEaQ1qxeAnOt6qq.jpg  -  Object Name : Ксерокопия номер 087
KaYhE55vd9MoFet3.jpg  -  Object Name : Ксерокопия номер 745
Kb01JVXoYUmYwUbk.jpg  -  Object Name : Ксерокопия номер 455
Kb2d13CQdmuqGSua.jpg  -  Object Name : Ксерокопия номер 238
kCqoXHW1r8qSAnzU.jpg  -  Object Name : Ксерокопия номер 428
KCX532IGoFUk5SqW.jpg  -  Object Name : Ксерокопия номер 808
Ke7Ctn9TBlfQjwGX.jpg  -  Object Name : Ксерокопия номер 625
Kf1Dwsa9WvRRaTFA.jpg  -  Object Name : Ксерокопия номер 337
kfeQL6F18DqpEnUW.jpg  -  Object Name : Ксерокопия номер 877
kGxH352Xoy7jtyVz.jpg  -  Object Name : Ксерокопия номер 806
KI2gs6RBeobC9jkM.jpg  -  Object Name : Ксерокопия номер 648
KI6cUB67C9y0S4tu.jpg  -  Object Name : Ксерокопия номер 441
KIVkEYR2CU3lwoqz.jpg  -  Object Name : Ксерокопия номер 609
kKwkBd4HDmetUuvw.jpg  -  Object Name : Ксерокопия номер 722
kKZfnXbUW0XHczz6.jpg  -  Object Name : Ксерокопия номер 996
Kl02uFiI4dAgxoyu.jpg  -  Object Name : Ксерокопия номер 004
KlaF1aQbeRT0aXMS.jpg  -  Object Name : Ксерокопия номер 035
klrbg4KH8XDPJvHd.jpg  -  Object Name : Ксерокопия номер 513
KMi6xeKued2fLHlW.jpg  -  Object Name : Ксерокопия номер 998
koCi32ROfxUNC2SJ.jpg  -  Object Name : Ксерокопия номер 995
KomzCY0ZU4Gc7CmZ.jpg  -  Object Name : Ксерокопия номер 611
KOX4ivDfhjzpaq9n.jpg  -  Object Name : Ксерокопия номер 519
Kqr26NixSLlIMLIp.jpg  -  Object Name : Ксерокопия номер 661
KSVwePJf6bfxCMB0.jpg  -  Object Name : Ксерокопия номер 920
ktCZR2iSQ9coCbmO.jpg  -  Object Name : Ксерокопия номер 102
Ktfnz3JeKSRvhACq.jpg  -  Object Name : Ксерокопия номер 121
KuF6xIJ6QbUK55eY.jpg  -  Object Name : Ксерокопия номер 821
kW8xxVfi4fdKaymV.jpg  -  Object Name : Ксерокопия номер 698
KxGsLIQnBm9KLev4.jpg  -  Object Name : Ксерокопия номер 834
KXL6IwGdkQDfS9lk.jpg  -  Object Name : Ксерокопия номер 321
KyQwCm1XrX63EGg1.jpg  -  Object Name : Ксерокопия номер 130
kzUyxp6hGU3ELm0r.jpg  -  Object Name : Ксерокопия номер 616
l0EXQiPs1vHJvYkn.jpg  -  Object Name : Ксерокопия номер 315
L0sDXjN4xqGAvusE.jpg  -  Object Name : Ксерокопия номер 042
l358rRO6Ocp3rZBU.jpg  -  Object Name : Ксерокопия номер 326
l44WqQMIQNo0emxL.jpg  -  Object Name : Ксерокопия номер 837
l6CJpCS2h8pm0HnR.jpg  -  Object Name : Ксерокопия номер 154
L8c8J5lnLmQwNu48.jpg  -  Object Name : Ксерокопия номер 533
LaaWIdKGNKzpLC7A.jpg  -  Object Name : Ксерокопия номер 150
leENhLjVvwDo70c3.jpg  -  Object Name : Ксерокопия номер 847
leFHFgquRf3SYBvP.jpg  -  Object Name : Ксерокопия номер 453
LeUCD88KG8Miq0JG.jpg  -  Object Name : Ксерокопия номер 299
lFLJ4yHTP9Hjuv4D.jpg  -  Object Name : Ксерокопия номер 097
lGVsjkFRwwkf0dJc.jpg  -  Object Name : Ксерокопия номер 921
LiEEqmNLCSLzG4ui.jpg  -  Object Name : Ксерокопия номер 282
LIPrdjSR3jO2XEBe.jpg  -  Object Name : Ксерокопия номер 056
ljaJE663NVaG9Pko.jpg  -  Object Name : Ксерокопия номер 969
llMLHPHE1TV2a9NV.jpg  -  Object Name : Ксерокопия номер 901
lNnTwdfAvfd64MZS.jpg  -  Object Name : Ксерокопия номер 816
LQ0jdO4pWLyWGZxA.jpg  -  Object Name : Ксерокопия номер 699
lqpDwdTfnyMaQ74d.jpg  -  Object Name : Ксерокопия номер 360
LrivJs6jFwXXj5iQ.jpg  -  Object Name : Ксерокопия номер 749
lShqSG0wx9tBsfBc.jpg  -  Object Name : Ксерокопия номер 811
LsjFL8wjUUm4UbyU.jpg  -  Object Name : Ксерокопия номер 411
LukgoNXHb5fsKTne.jpg  -  Object Name : Ксерокопия номер 046
lUkNAVsbg6InWtyr.jpg  -  Object Name : Ксерокопия номер 636
lUWKE2R0JhS3CwXg.jpg  -  Object Name : Ксерокопия номер 783
lVP41Xmkcke7dHYf.jpg  -  Object Name : Ксерокопия номер 569
LVUGTCd927FrPibR.jpg  -  Object Name : Ксерокопия номер 409
lxRi3k1IzzFI8uqc.jpg  -  Object Name : Ксерокопия номер 602
lZ2gkcBxywNaktZd.jpg  -  Object Name : Ксерокопия номер 387
lzcfSey1b6Vmd66C.jpg  -  Object Name : Ксерокопия номер 870
lZKc7YCpH3lroWsZ.jpg  -  Object Name : Ксерокопия номер 377
lzYnl7qtztWcvV7i.jpg  -  Object Name : Ксерокопия номер 830
m1Rnw93YbiTNOgEg.jpg  -  Object Name : Ксерокопия номер 902
M1VnDXAt9ZpSx8Ur.jpg  -  Object Name : Ксерокопия номер 324
m2imkHN93zFQjTde.jpg  -  Object Name : Ксерокопия номер 525
M5NU2WEHBdP1THiz.jpg  -  Object Name : Ксерокопия номер 537
M5QeFYwdOWGzGcjs.jpg  -  Object Name : Ксерокопия номер 864
M6u7eVaSf5Ja1zVH.jpg  -  Object Name : Ксерокопия номер 382
M74V5vC7tt8pQOIu.jpg  -  Object Name : Ксерокопия номер 735
mA2Shx878R7IteZi.jpg  -  Object Name : Ксерокопия номер 581
MAE9q4guihk8gmUl.jpg  -  Object Name : Ксерокопия номер 685
Mc6AsPXbq52pFhPh.jpg  -  Object Name : Ксерокопия номер 290
mdZ8nr5PNTcfjhxh.jpg  -  Object Name : Ксерокопия номер 434
MEU758nqdydLrP3O.jpg  -  Object Name : Ксерокопия номер 383
MGZAyXXgWb4aCQb0.jpg  -  Object Name : Ксерокопия номер 158
mHPjdrKct64Ne9FG.jpg  -  Object Name : Ксерокопия номер 410
mHz1I4ogfwTt2C8L.jpg  -  Object Name : Ксерокопия номер 822
MIBR9q6gHZReJ00g.jpg  -  Object Name : Ксерокопия номер 260
MiJIlQN29vdVJ9hc.jpg  -  Object Name : Ксерокопия номер 055
MmhMlGsY1BXtodVQ.jpg  -  Object Name : Ксерокопия номер 190
mMqmQKEcqGrn0Itb.jpg  -  Object Name : Ксерокопия номер 226
mpDeFuj65lPptcBT.jpg  -  Object Name : Ксерокопия номер 462
MqhtqsWqzZkgASG6.jpg  -  Object Name : Ксерокопия номер 159
mRnS6TG6fuuzPd7o.jpg  -  Object Name : Ксерокопия номер 968
mSECGsHax2149Lhm.jpg  -  Object Name : Ксерокопия номер 235
mt3DazlFZpUb7J1E.jpg  -  Object Name : Ксерокопия номер 343
mTL2sO9r9jbQxPyG.jpg  -  Object Name : Ксерокопия номер 739
MTwqHdGLPjnsb83L.jpg  -  Object Name : Ксерокопия номер 000
mXKerW6nBZIDl5Ho.jpg  -  Object Name : Ксерокопия номер 796
MzCM2wh6wRx2myvR.jpg  -  Object Name : Ксерокопия номер 279
N205Qqe1FSZzHNC7.jpg  -  Object Name : Ксерокопия номер 868
n3dQQ0ZDx3S3UsBr.jpg  -  Object Name : Ксерокопия номер 620
N4M2CtJ7gr7Jzo9S.jpg  -  Object Name : Ксерокопия номер 291
N5muaN8pZFaQizT6.jpg  -  Object Name : Ксерокопия номер 335
N5ZGl2k84vyFp5Br.jpg  -  Object Name : Ксерокопия номер 795
n6bfa5irSSBzz1IU.jpg  -  Object Name : Ксерокопия номер 294
n6BS4SVXzrkIRpsu.jpg  -  Object Name : Ксерокопия номер 103
n7ZEsEcUowRT1TfC.jpg  -  Object Name : Ксерокопия номер 614
N9E8oy6VvrhwgjA0.jpg  -  Object Name : Ксерокопия номер 681
nB19ZzUPu1xGt34A.jpg  -  Object Name : Ксерокопия номер 664
ncbytZcZ8PRRk3Gh.jpg  -  Object Name : Ксерокопия номер 172
nEcT3CuNNV2QegQX.jpg  -  Object Name : Ксерокопия номер 884
NG8b44YlF7x9Tj6k.jpg  -  Object Name : Ксерокопия номер 347
nH2HeeTmCEavD27V.jpg  -  Object Name : Ксерокопия номер 267
NHb3xlv8Bd5fk5Mq.jpg  -  Object Name : Ксерокопия номер 255
NHC2oTirCGCnbOLZ.jpg  -  Object Name : Ксерокопия номер 983
nI73bPUas0i5BHM1.jpg  -  Object Name : Ксерокопия номер 733
NJAVdrocwcTtkKK5.jpg  -  Object Name : Ксерокопия номер 939
njpmL7Otii3XUzTk.jpg  -  Object Name : Ксерокопия номер 144
Nk5zE2Y9zLW3KOYF.jpg  -  Object Name : Ксерокопия номер 137
NK9gvh7vVm7leU1G.jpg  -  Object Name : Ксерокопия номер 358
NkXvFZ9jLFA6Av3T.jpg  -  Object Name : Ксерокопия номер 548
NLOB8Ambj4ukXQbW.jpg  -  Object Name : Ксерокопия номер 694
nnVYFYtxgsVx4IxX.jpg  -  Object Name : Ксерокопия номер 079
NpWaaTLEcQDF4oJX.jpg  -  Object Name : Ксерокопия номер 475
NRPSLbRm5I8UqTtK.jpg  -  Object Name : Ксерокопия номер 066
NRx4A60t2rSdjDxy.jpg  -  Object Name : Ксерокопия номер 714
NSctt4bnWlCij2z6.jpg  -  Object Name : Ксерокопия номер 731
nSEGztpkA1Pe5Xvk.jpg  -  Object Name : Ксерокопия номер 251
nSGV9biBEYcT355I.jpg  -  Object Name : Ксерокопия номер 320
nTMrjTOjENAbptd6.jpg  -  Object Name : Ксерокопия номер 477
NU9FDYUrlBXlSW5X.jpg  -  Object Name : Ксерокопия номер 435
nwa06iUmmUDz4Guj.jpg  -  Object Name : Ксерокопия номер 339
NWU0seLAmHXSrA3c.jpg  -  Object Name : Ксерокопия номер 128
nxMU1QEb3Q1Fhz9S.jpg  -  Object Name : Ксерокопия номер 622
nYnKodAIW0c3j5Vx.jpg  -  Object Name : Ксерокопия номер 932
O0NnZO0XhZ1EQY7D.jpg  -  Object Name : Ксерокопия номер 538
o0PaULRtcI5oR82d.jpg  -  Object Name : Ксерокопия номер 908
o79At1QqZfiKiMXS.jpg  -  Object Name : Ксерокопия номер 773
O8Xn9KZ3M68XDnbV.jpg  -  Object Name : Ксерокопия номер 286
O9vEsD8jiWGgzlJe.jpg  -  Object Name : Ксерокопия номер 772
oA5AAQvJhNzO5Zap.jpg  -  Object Name : Ксерокопия номер 797
OAd43Tm4IJ45bveE.jpg  -  Object Name : Ксерокопия номер 127
OALhvVt8184tbXT8.jpg  -  Object Name : Ксерокопия номер 701
OBVnWwwICS7ZpFSG.jpg  -  Object Name : Ксерокопия номер 568
oDnXv9Ph41AxPZuh.jpg  -  Object Name : Ксерокопия номер 911
oE16WYJUP7yIJjMe.jpg  -  Object Name : Ксерокопия номер 272
OeBiqMAqgCJzGZ2J.jpg  -  Object Name : Ксерокопия номер 363
ojNhDeW5uOR01n0Z.jpg  -  Object Name : Ксерокопия номер 786
OKPjGktJKHW1je0b.jpg  -  Object Name : Ксерокопия номер 987
Olvc14UpvNOdeRUN.jpg  -  Object Name : Ксерокопия номер 165
OMqd6yiVwQrVNdRr.jpg  -  Object Name : Ксерокопия номер 993
OnrChsGbWQ0AVtdE.jpg  -  Object Name : Ксерокопия номер 789
ONtCMVTShpAy5zSf.jpg  -  Object Name : Ксерокопия номер 132
oppnUPkP0didpydB.jpg  -  Object Name : Ксерокопия номер 832
orbDVKxTzw8cxZdA.jpg  -  Object Name : Ксерокопия номер 370
oRxRe9jNV4CrS1e0.jpg  -  Object Name : Ксерокопия номер 561
OS2QjLhvaunvfnAh.jpg  -  Object Name : Ксерокопия номер 340
oTQ0Z1dopfHi4xhb.jpg  -  Object Name : Ксерокопия номер 199
otULMQaZHv9FY6Ta.jpg  -  Object Name : Ксерокопия номер 256
oufibMXAzbcPJh8l.jpg  -  Object Name : Ксерокопия номер 445
owYGrgoWSusjTV4y.jpg  -  Object Name : Ксерокопия номер 106
P5pBlwZ1kwbnOlNf.jpg  -  Object Name : Ксерокопия номер 091
P67YNJPxhxo5phC7.jpg  -  Object Name : Ксерокопия номер 986
P6gkoTSqTI0OGgAw.jpg  -  Object Name : Ксерокопия номер 536
P7Ifp2wD5luR1bzk.jpg  -  Object Name : Ксерокопия номер 766
p9be4uSlTPCKaiF3.jpg  -  Object Name : Ксерокопия номер 635
PaHCtIgS1GwjDbZX.jpg  -  Object Name : Ксерокопия номер 345
PakN7g3ubCbIrPXO.jpg  -  Object Name : Ксерокопия номер 419
PAVtJrimtrCdySv6.jpg  -  Object Name : Ксерокопия номер 417
pBDim9GAUqeoBriv.jpg  -  Object Name : Ксерокопия номер 316
PBI3zH1tuHfHr6qB.jpg  -  Object Name : Ксерокопия номер 601
pdja8JnMmcSBLLZx.jpg  -  Object Name : Ксерокопия номер 869
pfUlAv7L8OBDAYo3.jpg  -  Object Name : Ксерокопия номер 491
phXsy5IyHagmGxhX.jpg  -  Object Name : Ксерокопия номер 225
pI9iZpSB9BPUxG8I.jpg  -  Object Name : Ксерокопия номер 412
piHb2wTZZX3PyPRl.jpg  -  Object Name : Ксерокопия номер 305
pIquYPkvOB7yD8pg.jpg  -  Object Name : Ксерокопия номер 493
pIvsPWjxTsu15TUe.jpg  -  Object Name : Ксерокопия номер 440
PkGrB0mhutB1tfBF.jpg  -  Object Name : Ксерокопия номер 742
PKSCRvG8C4Uu0nIB.jpg  -  Object Name : Ксерокопия номер 241
pm32lyuYJxal5mTF.jpg  -  Object Name : Ксерокопия номер 599
pNa46YsNsNmOdnoI.jpg  -  Object Name : Ксерокопия номер 820
pnfIyxL5DvmkZALm.jpg  -  Object Name : Ксерокопия номер 734
pOH94XaCuV54LbG4.jpg  -  Object Name : Ксерокопия номер 545
pOwc4UGEtFkp69E7.jpg  -  Object Name : Ксерокопия номер 974
ppAaZcUyCaPIi68T.jpg  -  Object Name : Ксерокопия номер 730
PqAjexkJh2DKBFDm.jpg  -  Object Name : Ксерокопия номер 259
PqiZ3Kqa9m0MwG3v.jpg  -  Object Name : Ксерокопия номер 567
PR5xJft1uAeaDWax.jpg  -  Object Name : Ксерокопия номер 390
PrDcXx71oPj48hTI.jpg  -  Object Name : Ксерокопия номер 230
PTsjpBvFbpVq4WEd.jpg  -  Object Name : Ксерокопия номер 011
ptVjU9lsp0mhm0Vh.jpg  -  Object Name : Ксерокопия номер 751
pu8TgOfZnD3hpYzI.jpg  -  Object Name : Ксерокопия номер 495
PvhojZaAiKge9Wus.jpg  -  Object Name : Ксерокопия номер 971
pxFvxK67DKSQX82v.jpg  -  Object Name : Ксерокопия номер 252
pxpiC2s5hc3soSH2.jpg  -  Object Name : Ксерокопия номер 504
pXuzcwOOp7rb62au.jpg  -  Object Name : Ксерокопия номер 790
pzOT8WZ39sBwMbal.jpg  -  Object Name : Ксерокопия номер 269
PZwZ7VTTBMpwKLs7.jpg  -  Object Name : Ксерокопия номер 768
q0GuC1VwG7opFhny.jpg  -  Object Name : Ксерокопия номер 826
Q1am8T4txtvvQpda.jpg  -  Object Name : Ксерокопия номер 754
q2SZh6YuOY2ua6JN.jpg  -  Object Name : Ксерокопия номер 032
q2tDUl1uuFQaDnxC.jpg  -  Object Name : Ксерокопия номер 925
q3QBR1qm7hB3Mmqu.jpg  -  Object Name : Ксерокопия номер 244
Q5XpHeYBAMHzdMEb.jpg  -  Object Name : Ксерокопия номер 500
Q6EeVdBc1CCul63y.jpg  -  Object Name : Ксерокопия номер 819
Q6QNftKAsY602e0w.jpg  -  Object Name : Ксерокопия номер 919
Q8PFXNQRtKb5tZQt.jpg  -  Object Name : Ксерокопия номер 033
Q8yAhincnzbuh2Zt.jpg  -  Object Name : Ксерокопия номер 736
Qb5wMIwQyQIoWGD2.jpg  -  Object Name : Ксерокопия номер 838
qc8K1H2XzG7djav7.jpg  -  Object Name : Ксерокопия номер 432
qcBhwpWG0Zc4jeBE.jpg  -  Object Name : Ксерокопия номер 899
QeC1S8pldI1blohw.jpg  -  Object Name : Ксерокопия номер 074
qelJHt0rqArqF6j2.jpg  -  Object Name : Ксерокопия номер 123
QfuggoiE6sN7yZF8.jpg  -  Object Name : Ксерокопия номер 277
QgnyKsUs3OqdjpRB.jpg  -  Object Name : Ксерокопия номер 460
QgztOl7oUz5ICFRW.jpg  -  Object Name : Ксерокопия номер 273
QHgEwSsRG4Mut1Yt.jpg  -  Object Name : Ксерокопия номер 224
qJyWeSEs52sPstqh.jpg  -  Object Name : Ксерокопия номер 283
QKG9WCggGwNdlvWJ.jpg  -  Object Name : Ксерокопия номер 656
qKK6jjilrAALPWcI.jpg  -  Object Name : Ксерокопия номер 618
QkPLNqMtxtLOXZ03.jpg  -  Object Name : Ксерокопия номер 557
QL4183cADSngJT3J.jpg  -  Object Name : Ксерокопия номер 976
QLTGgptZ0Q7x9B5b.jpg  -  Object Name : Ксерокопия номер 476
qlZDX25vMHvxNRfD.jpg  -  Object Name : Ксерокопия номер 655
qPqaPix4vYzfcDFO.jpg  -  Object Name : Ксерокопия номер 146
qs39Qi1aF954lHdd.jpg  -  Object Name : Ксерокопия номер 933
QTbnyQv5W2QyPSqn.jpg  -  Object Name : Ксерокопия номер 630
QtgMs5uh6TakFoSq.jpg  -  Object Name : Ксерокопия номер 487
QUBGNZM9FxqelL0k.jpg  -  Object Name : Ксерокопия номер 333
qwtnP670Ouw2rbAA.jpg  -  Object Name : Ксерокопия номер 516
QX9h1soa1NyIxHXw.jpg  -  Object Name : Ксерокопия номер 361
qyk6pyZKIzfAG7aL.jpg  -  Object Name : Ксерокопия номер 524
R0kGiXlIucyAuRYZ.jpg  -  Object Name : Ксерокопия номер 612
r3y0Crl0zB3alStd.jpg  -  Object Name : Ксерокопия номер 474
R7FooAJzCdmVA4pE.jpg  -  Object Name : Ксерокопия номер 078
r7tvj9uUOgXzOLcP.jpg  -  Object Name : Ксерокопия номер 752
R8dB6B3918FYSwCF.jpg  -  Object Name : Ксерокопия номер 836
R9bAcpIBaVlgna5a.jpg  -  Object Name : Ксерокопия номер 231
rAHPuwLQ4LspR8c0.jpg  -  Object Name : Ксерокопия номер 463
rArQ4mfXnwSgxzeW.jpg  -  Object Name : Ксерокопия номер 197
rAsi53tbfpEQI9hM.jpg  -  Object Name : Ксерокопия номер 119
rBFlyOYJpxVlE7C0.jpg  -  Object Name : Ксерокопия номер 846
rdSqGO9Ve8AD73B2.jpg  -  Object Name : Ксерокопия номер 570
RfmYjXcM2rbSoQRK.jpg  -  Object Name : Ксерокопия номер 223
RFTcHWdqtPCvM7oo.jpg  -  Object Name : Ксерокопия номер 900
rI9W9uibhgEOs4eg.jpg  -  Object Name : Ксерокопия номер 356
rj6F27xEhmRjrdn7.jpg  -  Object Name : Ксерокопия номер 058
RJSnjnI1PXS6x2tl.jpg  -  Object Name : Ксерокопия номер 667
rkhP8WWFSA0dvb6P.jpg  -  Object Name : Ксерокопия номер 762
rKqNOo8uKxv26ANg.jpg  -  Object Name : Ксерокопия номер 489
RMEXzgDl5Rntkzrx.jpg  -  Object Name : Ксерокопия номер 849
rN5yKgjJmdxaudWS.jpg  -  Object Name : Ксерокопия номер 001
RoYooelD3fP6V4SA.jpg  -  Object Name : Ксерокопия номер 876
RPTWvXrTaS5HjQHH.jpg  -  Object Name : Ксерокопия номер 148
rpWUEmzCXAG7Gr3C.jpg  -  Object Name : Ксерокопия номер 679
RQwyOX0sh6yji4lo.jpg  -  Object Name : Ксерокопия номер 686
rREN6vbD81XRyU3R.jpg  -  Object Name : Ксерокопия номер 970
rrQgycXC7HFFXulU.jpg  -  Object Name : Ксерокопия номер 436
RseTGnKq3ETx6EsH.jpg  -  Object Name : Ксерокопия номер 793
RTObyI3hnx8gjCH9.jpg  -  Object Name : Ксерокопия номер 482
RTu6Uiivy1gVSUhi.jpg  -  Object Name : Ксерокопия номер 810
RuQqycOQuEas81JQ.jpg  -  Object Name : Ксерокопия номер 662
rVTnGW8pLlCsjdzG.jpg  -  Object Name : Ксерокопия номер 590
rxxbZQXUg1t6SUrj.jpg  -  Object Name : Ксерокопия номер 338
rYb2qXr2tgXRIlYd.jpg  -  Object Name : Ксерокопия номер 471
RyEYsLqpFgVW5MMt.jpg  -  Object Name : Ксерокопия номер 194
Rz1mEZIwHkVpWwN0.jpg  -  Object Name : Ксерокопия номер 212
s56iRDOWcaefDDFF.jpg  -  Object Name : Ксерокопия номер 108
S8QeG8FfWnZMiJOw.jpg  -  Object Name : Ксерокопия номер 865
s94d9YrTdHWkYYgj.jpg  -  Object Name : Ксерокопия номер 431
S9SPP3APCK1MnsCK.jpg  -  Object Name : Ксерокопия номер 454
S9sv9USbm3ZzS4nK.jpg  -  Object Name : Ксерокопия номер 586
s9W5oQ1A1iS8UVH6.jpg  -  Object Name : Ксерокопия номер 938
SA46uOPl0u3lcIUc.jpg  -  Object Name : Ксерокопия номер 280
Sd6s8jVt96uUrkax.jpg  -  Object Name : Ксерокопия номер 980
sEtro7uxvXg40r0O.jpg  -  Object Name : Ксерокопия номер 021
sFD8KfqBWdmBSfHP.jpg  -  Object Name : Ксерокопия номер 992
sfqahvdL68d6koh5.jpg  -  Object Name : Ксерокопия номер 354
sGObZE8msL4wg4Hu.jpg  -  Object Name : Ксерокопия номер 322
SgVqI8fsDBwUBIN9.jpg  -  Object Name : Ксерокопия номер 458
SH0e0uECOmbx02It.jpg  -  Object Name : Ксерокопия номер 116
SH4fcQZVp3r5BxBT.jpg  -  Object Name : Ксерокопия номер 640
sjaNlHyHpcwMa41a.jpg  -  Object Name : Ксерокопия номер 727
sjUMy818eLZF2fLS.jpg  -  Object Name : Ксерокопия номер 882
SjWCI5ZShkYjZTwT.jpg  -  Object Name : Ксерокопия номер 555
slImWW9iDiGu3mIS.jpg  -  Object Name : Ксерокопия номер 975
Sm1xHVXdh7CPlBk5.jpg  -  Object Name : Ксерокопия номер 950
SolKGpWMssZ7uYWz.jpg  -  Object Name : Ксерокопия номер 442
sOtmoQ4wekMqpV9s.jpg  -  Object Name : Ксерокопия номер 350
SoyvfdUQkHSCog1u.jpg  -  Object Name : Ксерокопия номер 760
SQMXKtNAR2VMbioT.jpg  -  Object Name : Ксерокопия номер 835
sQtLTmCFzSZFs5Mf.jpg  -  Object Name : Ксерокопия номер 680
sSIpC1cqiJCpwIL4.jpg  -  Object Name : Ксерокопия номер 829
SSP6BZRPLo36OO7v.jpg  -  Object Name : Ксерокопия номер 243
Stm63u6Ev3jClGMg.jpg  -  Object Name : Ксерокопия номер 955
SUufxPmYgFaJR6A7.jpg  -  Object Name : Ксерокопия номер 959
svfvQntV7qzjnf95.jpg  -  Object Name : Ксерокопия номер 147
swY4L7aY4v0Ne1Mo.jpg  -  Object Name : Ксерокопия номер 083
swYSxfygrGaplh91.jpg  -  Object Name : Ксерокопия номер 013
SxdwpLAbnOJx3kwl.jpg  -  Object Name : Ксерокопия номер 325
T1uPfBLnZwT4gnLy.jpg  -  Object Name : Ксерокопия номер 953
t1xoHMAR0IAkwfd7.jpg  -  Object Name : Ксерокопия номер 060
t2FNLj2HOKnT1naO.jpg  -  Object Name : Ксерокопия номер 029
t3sXG01KznKJiN9v.jpg  -  Object Name : Ксерокопия номер 552
t9IRCSMIJBrvArav.jpg  -  Object Name : Ксерокопия номер 565
TBHJwtjbcXh2GYv9.jpg  -  Object Name : Ксерокопия номер 712
tc0tBKiA0rYgOLcu.jpg  -  Object Name : Ксерокопия номер 005
TCH3HZ4H0HL0EV55.jpg  -  Object Name : Ксерокопия номер 957
TDpGuDQPT5RyMzhI.jpg  -  Object Name : Ксерокопия номер 164
tfUXAI237umv8nN4.jpg  -  Object Name : Ксерокопия номер 676
tHaBNldlOfvmMlP2.jpg  -  Object Name : Ксерокопия номер 747
ThfxvfTut0Li1ipS.jpg  -  Object Name : Ксерокопия номер 566
ThiD7Sr2TQaDvjuK.jpg  -  Object Name : Ксерокопия номер 139
thYxT2hgEtOEbvOf.jpg  -  Object Name : Ксерокопия номер 469
TJ05t97nONOdzLWu.jpg  -  Object Name : Ксерокопия номер 145
TjAs2xX8Cix17OLU.jpg  -  Object Name : Ксерокопия номер 296
tJPjtY2myn1Opxzx.jpg  -  Object Name : Ксерокопия номер 791
TJRTJwZLm7jUNQJP.jpg  -  Object Name : Ксерокопия номер 425
tKo9f0KwM8wyKqga.jpg  -  Object Name : Ксерокопия номер 175
tLcEHUrYYx2pzJeq.jpg  -  Object Name : Ксерокопия номер 077
TLWO82e4Ae775ctI.jpg  -  Object Name : Ксерокопия номер 051
TmxcD0IIQa48ETw3.jpg  -  Object Name : Ксерокопия номер 574
to9VG6yHDHuoXKmr.jpg  -  Object Name : Ксерокопия номер 792
toMvICVhNfg4t4VU.jpg  -  Object Name : Ксерокопия номер 484
tOnOGnj3nLzj6D3a.jpg  -  Object Name : Ксерокопия номер 584
TRfhsySe7LxPa7aO.jpg  -  Object Name : Ксерокопия номер 874
TrrBndb9ehHPKORe.jpg  -  Object Name : Ксерокопия номер 708
TSVEsrhMIdTxEm3o.jpg  -  Object Name : Ксерокопия номер 594
TTJQ4bs06Uv3hhRS.jpg  -  Object Name : Ксерокопия номер 914
ttVHNqssbz4CE1YO.jpg  -  Object Name : Ксерокопия номер 053
tUgXqCn8TeOVhlno.jpg  -  Object Name : Ксерокопия номер 499
TVBdgTkp8IHspvO6.jpg  -  Object Name : Ксерокопия номер 530
TXsPkP2OTCngerUW.jpg  -  Object Name : Ксерокопия номер 157
tylA3JZnVl53lJ0L.jpg  -  Object Name : Ксерокопия номер 886
Tz7z4QPGELovA7cm.jpg  -  Object Name : Ксерокопия номер 113
TZ9M1bd3QyUnKoJH.jpg  -  Object Name : Ксерокопия номер 558
tzJ6jRgnTzISeRZe.jpg  -  Object Name : Ксерокопия номер 141
u4Z8uuTb9knd91SS.jpg  -  Object Name : Ксерокопия номер 665
u7OIuj41vD7QDkCo.jpg  -  Object Name : Ксерокопия номер 465
U8Zz4byZVANnEQPF.jpg  -  Object Name : Ксерокопия номер 478
uasL0gIdGDk0KEkS.jpg  -  Object Name : Ксерокопия номер 691
UAtoHyUP3UEWdKWT.jpg  -  Object Name : Ксерокопия номер 547
uBc5nY6r1L2FGOqy.jpg  -  Object Name : Ксерокопия номер 169
Uc9gvNeEkqyuw6sJ.jpg  -  Object Name : Ксерокопия номер 917
UCJfwhbeDs20FqNx.jpg  -  Object Name : Ксерокопия номер 028
uERLJ43rpfB6MsdY.jpg  -  Object Name : Ксерокопия номер 719
UFrv8aWuoTRHnjzV.jpg  -  Object Name : Ксерокопия номер 651
uGofkcsz8xIkoG8L.jpg  -  Object Name : Ксерокопия номер 400
UhhKMY9MQqokedP2.jpg  -  Object Name : Ксерокопия номер 115
Uk8SPtiuKKwVHVw3.jpg  -  Object Name : Ксерокопия номер 770
uMtqwHQkR1pJRdRH.jpg  -  Object Name : Ксерокопия номер 142
UMUnAfJMiHmJYDS4.jpg  -  Object Name : Ксерокопия номер 457
umZe9CingaNZB8m1.jpg  -  Object Name : Ксерокопия номер 588
Uo8d7bnxETM8fgoj.jpg  -  Object Name : Ксерокопия номер 253
uOdBm7Anh62JJAXO.jpg  -  Object Name : Ксерокопия номер 448
UQKJKni9bUxUhqfs.jpg  -  Object Name : Ксерокопия номер 979
uQLdEhbN4mC5RnzD.jpg  -  Object Name : Ксерокопия номер 168
UtKfbK4xSAuWBfir.jpg  -  Object Name : Ксерокопия номер 629
uzBcJF0DmUtua221.jpg  -  Object Name : Ксерокопия номер 509
V0qVfIP9KYQQPVZ7.jpg  -  Object Name : Ксерокопия номер 207
V10atV37AthuhGnJ.jpg  -  Object Name : Ксерокопия номер 977
v3MHEUbdGfiE81VP.jpg  -  Object Name : Ксерокопия номер 133
V3vvP5tKUg7EEqJT.jpg  -  Object Name : Ксерокопия номер 143
V5sAp9PW04pAhfOI.jpg  -  Object Name : Ксерокопия номер 420
V5SNaPRtqRMXaF2y.jpg  -  Object Name : Ксерокопия номер 229
v65DgO1BS1FmM4El.jpg  -  Object Name : Ксерокопия номер 082
V8DLZaf9jcMtGawq.jpg  -  Object Name : Ксерокопия номер 526
v8zs3Jkl0ZjSKyFK.jpg  -  Object Name : Ксерокопия номер 804
v9orTp08ltkFlat9.jpg  -  Object Name : Ксерокопия номер 266
VGD5BS933CKtPpWU.jpg  -  Object Name : Ксерокопия номер 642
VGwo7NQV3xu0hkof.jpg  -  Object Name : Ксерокопия номер 750
vHcMBwFTQjlx51Ea.jpg  -  Object Name : Ксерокопия номер 769
VilMzB0lc4ZnvXs0.jpg  -  Object Name : Ксерокопия номер 647
VJS1wprfiIS5MXDz.jpg  -  Object Name : Ксерокопия номер 688
VjW4U07DNqzCwcNh.jpg  -  Object Name : Ксерокопия номер 674
vnw1pVQlXmDl7zjK.jpg  -  Object Name : Ксерокопия номер 406
VpsEQwDZNejtch5n.jpg  -  Object Name : Ксерокопия номер 414
vQmIbQN5UimvJZz7.jpg  -  Object Name : Ксерокопия номер 062
VrBStGXwSQJdvJ2g.jpg  -  Object Name : Ксерокопия номер 909
vruCtuLjVdEqI2Fj.jpg  -  Object Name : Ксерокопия номер 261
vU69buGZnGdx0kjP.jpg  -  Object Name : Ксерокопия номер 943
VWsIfRsQojRKer5T.jpg  -  Object Name : Ксерокопия номер 084
Vx4lKRSjRCWWXkzU.jpg  -  Object Name : Ксерокопия номер 946
vzGSxn8rA522qbGS.jpg  -  Object Name : Ксерокопия номер 947
w2lHyMj1OwOZ2AN3.jpg  -  Object Name : Ксерокопия номер 540
W4pBQKRF7ToZNmdc.jpg  -  Object Name : Ксерокопия номер 803
w8MoXYvLUfPzTjWv.jpg  -  Object Name : Ксерокопия номер 726
wAtsEICmWLL8nOo4.jpg  -  Object Name : Ксерокопия номер 593
Wb0ghC7kBcsQRUiG.jpg  -  Object Name : Ксерокопия номер 012
WBbcGiW3vLpVnfxS.jpg  -  Object Name : Ксерокопия номер 110
wEfBnzrz1lbvGu8Z.jpg  -  Object Name : Ксерокопия номер 034
wgSpQIAVvx4zKeMe.jpg  -  Object Name : Ксерокопия номер 257
WguK1vdXrVEGKSbN.jpg  -  Object Name : Ксерокопия номер 275
wh3OK86kW6A1yBEr.jpg  -  Object Name : Ксерокопия номер 956
wi3y1QXxQjYHZvZg.jpg  -  Object Name : Ксерокопия номер 085
wj23nGAwgDySD3Ln.jpg  -  Object Name : Ксерокопия номер 598
wJ2QSgF5StQPZ57O.jpg  -  Object Name : Ксерокопия номер 774
wjGFSQRBrmF2nXqe.jpg  -  Object Name : Ксерокопия номер 371
wjHKRGFlRQHS2ldU.jpg  -  Object Name : Ксерокопия номер 582
Wkpbpkq7biQyhbLh.jpg  -  Object Name : Ксерокопия номер 607
WkyMhiYMFi5FopB0.jpg  -  Object Name : Ксерокопия номер 017
Wm1qFBV9QG0XRoSx.jpg  -  Object Name : Ксерокопия номер 289
WM2DXYHPbIjKcvik.jpg  -  Object Name : Ксерокопия номер 208
wM5SGFKmWe2EQlXt.jpg  -  Object Name : Ксерокопия номер 805
wMalMJypoJiFH1vH.jpg  -  Object Name : Ксерокопия номер 401
wmceD6OpB7ORmw67.jpg  -  Object Name : Ксерокопия номер 098
wo3DkqXbPv0VTG0e.jpg  -  Object Name : Ксерокопия номер 016
WOeL9nuw6V0MUi6k.jpg  -  Object Name : Ксерокопия номер 695
WOrlcOpFJ0MnSlKM.jpg  -  Object Name : Ксерокопия номер 945
wqxAyl2xLgQVF0D5.jpg  -  Object Name : Ксерокопия номер 166
wrfaxvgq2BwFaIFK.jpg  -  Object Name : Ксерокопия номер 331
WRhIWXWtcLRc7rAx.jpg  -  Object Name : Ксерокопия номер 898
WRHjaR5krUsuiYB6.jpg  -  Object Name : Ксерокопия номер 934
WrKOsD40CcIVLOkC.jpg  -  Object Name : Ксерокопия номер 237
WsbGU3txeyiXSlDn.jpg  -  Object Name : Ксерокопия номер 397
wSmHf4KEmkowZJBy.jpg  -  Object Name : Ксерокопия номер 068
wVrtAVwXPZ8fN89A.jpg  -  Object Name : Ксерокопия номер 003
WvznEs1dxyMSkSbR.jpg  -  Object Name : Ксерокопия номер 587
wxjzDOIiW0xZmXF0.jpg  -  Object Name : Ксерокопия номер 323
WyAu1ZVvo1Mp3UaX.jpg  -  Object Name : Ксерокопия номер 312
Wz5NWvUkb9P9vYCa.jpg  -  Object Name : Ксерокопия номер 239
X0PEkrNNeESIwqab.jpg  -  Object Name : Ксерокопия номер 061
X1iyBvWeNNyBeBmJ.jpg  -  Object Name : Ксерокопия номер 669
X3Gt9x27WkjXxDLX.jpg  -  Object Name : Ксерокопия номер 753
x3wXDVjyAFYc65o0.jpg  -  Object Name : Ксерокопия номер 720
x5EdlPanLLN4jbM4.jpg  -  Object Name : Ксерокопия номер 210
x6ONbFP5YlmbLYHo.jpg  -  Object Name : Ксерокопия номер 399
x9oU7xENQgq6gMi6.jpg  -  Object Name : Ксерокопия номер 603
xB96MWpBsv1N0LQe.jpg  -  Object Name : Ксерокопия номер 999
xbgzZH6MZ80ZAlT1.jpg  -  Object Name : Ксерокопия номер 994
xBoNn7jRtHMAe8Oq.jpg  -  Object Name : Ксерокопия номер 427
xBrZAUEz8xjlyEIx.jpg  -  Object Name : Ксерокопия номер 637
xc0BJN5gcm5lHnHH.jpg  -  Object Name : Ксерокопия номер 064
XdQQstm72dXKlmlf.jpg  -  Object Name : Ксерокопия номер 595
xDsSzTuNwCkiCz5M.jpg  -  Object Name : Ксерокопия номер 782
XDW1G5O3g1MrwoAd.jpg  -  Object Name : Ксерокопия номер 249
XF9DtBp7ApLs1ZQA.jpg  -  Object Name : Ксерокопия номер 156
xG19n1rtOevpuZrX.jpg  -  Object Name : Ксерокопия номер 292
XG1slkTtGv0hjeCu.jpg  -  Object Name : Ксерокопия номер 192
xh0yVJJOJ2rItgdh.jpg  -  Object Name : Ксерокопия номер 057
XhvniFSctzthKk9h.jpg  -  Object Name : Ксерокопия номер 195
xi8kfuwC9TzIVXS6.jpg  -  Object Name : Ксерокопия номер 517
XKVIf3PeLkPe0D0t.jpg  -  Object Name : Ксерокопия номер 043
XM7QVDqMzWRoqTdf.jpg  -  Object Name : Ксерокопия номер 422
xmlrUn0Ry10sWXGb.jpg  -  Object Name : Ксерокопия номер 560
Xmoxig8CqQ2Jj1aR.jpg  -  Object Name : Ксерокопия номер 815
XNtK09Bor4Nqoso0.jpg  -  Object Name : Ксерокопия номер 578
xQ3h0Hcz5qyWaWAb.jpg  -  Object Name : Ксерокопия номер 534
XQFW9Iyb6cqVidjC.jpg  -  Object Name : Ксерокопия номер 211
XqtbH2NL4Ik4yDS8.jpg  -  Object Name : Ксерокопия номер 867
XrVhfpJy3uzsNjND.jpg  -  Object Name : Ксерокопия номер 319
XTKxSwfShVsvEJ9p.jpg  -  Object Name : Ксерокопия номер 903
XV7hlnEZ943LSIEA.jpg  -  Object Name : Ксерокопия номер 978
xySfRxOToHneo4vh.jpg  -  Object Name : Ксерокопия номер 405
y09x1OXftv9lhR6t.jpg  -  Object Name : Ксерокопия номер 878
y0GY3AFvXglJPXS2.jpg  -  Object Name : Ксерокопия номер 907
y1KEBsGJtmPui2KS.jpg  -  Object Name : Ксерокопия номер 527
y25OrrTbrvhRfCgn.jpg  -  Object Name : Ксерокопия номер 927
y3cSEbQYTt4cANT7.jpg  -  Object Name : Ксерокопия номер 418
y4yHRbrpcJkUqa1H.jpg  -  Object Name : Ксерокопия номер 353
y6nhkmdEqCFmbK5v.jpg  -  Object Name : Ксерокопия номер 002
Y8IQh9cS7yubB19Z.jpg  -  Object Name : Ксерокопия номер 496
YaIUPM6TmBKzWA9v.jpg  -  Object Name : Ксерокопия номер 631
ybsRyRmgGGBwk6xO.jpg  -  Object Name : Ксерокопия номер 444
YdafZQoXtR52oqCO.jpg  -  Object Name : Ксерокопия номер 841
yG6nLxA1ns1TcGh7.jpg  -  Object Name : Ксерокопия номер 263
ygfjIb3zJCX3C8tf.jpg  -  Object Name : Ксерокопия номер 546
yglhkfr5KO1lP5qc.jpg  -  Object Name : Ксерокопия номер 982
YgPFsSfELGOAOo8E.jpg  -  Object Name : Ксерокопия номер 539
yGx81S9kLaTwmSJa.jpg  -  Object Name : Ксерокопия номер 875
yhfNIHATNiTXl2Yf.jpg  -  Object Name : Ксерокопия номер 990
YhhmFdpR3TCVhhha.jpg  -  Object Name : Ксерокопия номер 767
YiIvbNfHUbj4YUTU.jpg  -  Object Name : Ксерокопия номер 922
yIoxNdKKMAZdK0zE.jpg  -  Object Name : Ксерокопия номер 369
yJjDSzDG9aiNWEXF.jpg  -  Object Name : Ксерокопия номер 264
YkdChwIH0zJAqVTJ.jpg  -  Object Name : Ксерокопия номер 660
ykSa5g4TBbLYSmXm.jpg  -  Object Name : Ксерокопия номер 216
ylRBORIoUEi2Jmqm.jpg  -  Object Name : Ксерокопия номер 658
YmCrB4fbdDAoHuhW.jpg  -  Object Name : Ксерокопия номер 270
YmH5wOMlKEdjFFnT.jpg  -  Object Name : Ксерокопия номер 628
yoLK4vj4wJw2RfPr.jpg  -  Object Name : Ксерокопия номер 952
YS1WmGqMh9BEXP7Z.jpg  -  Object Name : Ксерокопия номер 209
yuebxpmuTX5iVDtG.jpg  -  Object Name : Ксерокопия номер 107
YuWWJ2qlbdbrEFZ3.jpg  -  Object Name : Ксерокопия номер 047
yvOZyKsGot1WmKfF.jpg  -  Object Name : Ксерокопия номер 188
yWLXE2w8px0B6W44.jpg  -  Object Name : Ксерокопия номер 037
Yx6yAn4vU31ajCwI.jpg  -  Object Name : Ксерокопия номер 443
Yyr63lU64IYBvGwO.jpg  -  Object Name : Ксерокопия номер 763
YyRo5QPBgn77V7Cq.jpg  -  Object Name : Ксерокопия номер 271
yz9BtORQ2f82sM5y.jpg  -  Object Name : Ксерокопия номер 963
yzOcyHhZm088QnNZ.jpg  -  Object Name : Ксерокопия номер 758
YZRn9OAWlrvf5rvK.jpg  -  Object Name : Ксерокопия номер 065
z0FZahQLW65AsO31.jpg  -  Object Name : Ксерокопия номер 488
Z1Xr3EBHefoL8zJn.jpg  -  Object Name : Ксерокопия номер 893
Z55BNXzowxTAJsNY.jpg  -  Object Name : Ксерокопия номер 309
z5ThdWi3AUTKl82H.jpg  -  Object Name : Ксерокопия номер 756
z6C7tHi1UKKoFe1P.jpg  -  Object Name : Ксерокопия номер 300
z7EpD3MMp59iX0lg.jpg  -  Object Name : Ксерокопия номер 700
Z7LRErmZMxvma10O.jpg  -  Object Name : Ксерокопия номер 926
z8hHKlTdEru1NUI2.jpg  -  Object Name : Ксерокопия номер 234
zaAZk5rvi9pbP0J1.jpg  -  Object Name : Ксерокопия номер 650
zaDSq7pwGh4a38xy.jpg  -  Object Name : Ксерокопия номер 215
Zb1RJWvpVjXFKfxq.jpg  -  Object Name : Ксерокопия номер 704
ZcAZFv16zVB2Xoih.jpg  -  Object Name : Ксерокопия номер 535
zCYJB6XDGlt8UB58.jpg  -  Object Name : Ксерокопия номер 497
zD3o8PsmbXmRWNON.jpg  -  Object Name : Ксерокопия номер 503
zdd9UFYGdxytCbCz.jpg  -  Object Name : Ксерокопия номер 683
zdoKDJYexpGtBG1W.jpg  -  Object Name : Ксерокопия номер 379
ZeAEfq4CarPaBx33.jpg  -  Object Name : Ксерокопия номер 520
ZeGV4hILTuKuah7o.jpg  -  Object Name : Ксерокопия номер 673
ZFGgOgKUf66ORHc0.jpg  -  Object Name : Ксерокопия номер 311
zGKzpRR29bXLLS4R.jpg  -  Object Name : Ксерокопия номер 341
ZH36Id4OtdFZyo9e.jpg  -  Object Name : Ксерокопия номер 297
zhqUlIr7lbd6YEgi.jpg  -  Object Name : Ксерокопия номер 201
Zhs5InIKfw3M7O9L.jpg  -  Object Name : Ксерокопия номер 375
ZHVA5aRo6s2HcD2w.jpg  -  Object Name : Ксерокопия номер 624
ZjVVorVz8XkCm7QO.jpg  -  Object Name : Ксерокопия номер 744
zoIgg8LrGrf35fMX.jpg  -  Object Name : Ксерокопия номер 639
zoxfJzfJTlGNKDI2.jpg  -  Object Name : Ксерокопия номер 931
zp3ZvxCt9XRaSSrl.jpg  -  Object Name : Ксерокопия номер 852
ZPXTneF273Mr9zF3.jpg  -  Object Name : Ксерокопия номер 450
zQqALQTIZlzkW9iK.jpg  -  Object Name : Ксерокопия номер 433
ZT4nZEAMkrXmbpFI.jpg  -  Object Name : Ксерокопия номер 221
ZVSk4Feg3pKVAMW2.jpg  -  Object Name : Ксерокопия номер 069
zXH6jw9ZkcLWREz5.jpg  -  Object Name : Ксерокопия номер 134
ZXWdB1f6KPVluUQo.jpg  -  Object Name : Ксерокопия номер 741
zZ0bWOV9xU6wSOU9.jpg  -  Object Name : Ксерокопия номер 807
ZZHazeaBrYUOdf7f.jpg  -  Object Name : Ксерокопия номер 799
